# JRE version: Java(TM) SE Runtime Environment (24.0.1+9) (build 24.0.1+9-30)
# Java VM: Java HotSpot(TM) 64-Bit Server VM (24.0.1+9-30, mixed mode, sharing, tiered, compressed oops, compressed class ptrs, g1 gc, windows-amd64)
GC Precious Log:
 CardTable entry size: 512
 Card Set container configuration: InlinePtr #cards 4 size 8 Array Of Cards #cards 16 size 48 Howl #buckets 8 coarsen threshold 3686 Howl Bitmap #cards 512 size 80 coarsen threshold 460 Card regions per heap region 1 cards per card region 4096
 CPUs: 6 total, 6 available
 Memory: 16318M
 Large Page Support: Disabled
 NUMA Support: Disabled
 Compressed Oops: Enabled (Zero based)
 Heap Region Size: 2M
 Heap Min Capacity: 8M
 Heap Initial Capacity: 256M
 Heap Max Capacity: 4G
 Pre-touch: Disabled
 Parallel Workers: 6
 Concurrent Workers: 2
 Concurrent Refinement Workers: 6
 Periodic GC: Disabled
Heap:
 garbage-first heap   total reserved 4194304K, committed 563200K, used 380806K [0x0000000700000000, 0x0000000800000000)
  region size 2048K, 7 young (14336K), 7 survivors (14336K)
 Metaspace       used 117851K, committed 120000K, reserved 1179648K
  class space    used 13103K, committed 14144K, reserved 1048576K
GC Heap History (20 events):
Event: 40.841 GC heap after
{Heap after GC invocations=56 (full 0):
 garbage-first heap   total reserved 4194304K, committed 280576K, used 147590K [0x0000000700000000, 0x0000000800000000)
  region size 2048K, 3 young (6144K), 3 survivors (6144K)
 Metaspace       used 110183K, committed 112320K, reserved 1179648K
  class space    used 12249K, committed 13248K, reserved 1048576K
}
Event: 43.748 GC heap before
{Heap before GC invocations=56 (full 0):
 garbage-first heap   total reserved 4194304K, committed 280576K, used 247942K [0x0000000700000000, 0x0000000800000000)
  region size 2048K, 53 young (108544K), 3 survivors (6144K)
 Metaspace       used 112285K, committed 114432K, reserved 1179648K
  class space    used 12486K, committed 13504K, reserved 1048576K
}
Event: 43.763 GC heap after
{Heap after GC invocations=57 (full 0):
 garbage-first heap   total reserved 4194304K, committed 280576K, used 151609K [0x0000000700000000, 0x0000000800000000)
  region size 2048K, 5 young (10240K), 5 survivors (10240K)
 Metaspace       used 112285K, committed 114432K, reserved 1179648K
  class space    used 12486K, committed 13504K, reserved 1048576K
}
Event: 44.378 GC heap before
{Heap before GC invocations=58 (full 0):
 garbage-first heap   total reserved 4194304K, committed 280576K, used 245817K [0x0000000700000000, 0x0000000800000000)
  region size 2048K, 54 young (110592K), 5 survivors (10240K)
 Metaspace       used 112457K, committed 114560K, reserved 1179648K
  class space    used 12507K, committed 13504K, reserved 1048576K
}
Event: 44.385 GC heap after
{Heap after GC invocations=59 (full 0):
 garbage-first heap   total reserved 4194304K, committed 280576K, used 150568K [0x0000000700000000, 0x0000000800000000)
  region size 2048K, 5 young (10240K), 5 survivors (10240K)
 Metaspace       used 112457K, committed 114560K, reserved 1179648K
  class space    used 12507K, committed 13504K, reserved 1048576K
}
Event: 46.271 GC heap before
{Heap before GC invocations=59 (full 0):
 garbage-first heap   total reserved 4194304K, committed 280576K, used 250920K [0x0000000700000000, 0x0000000800000000)
  region size 2048K, 55 young (112640K), 5 survivors (10240K)
 Metaspace       used 112697K, committed 114880K, reserved 1179648K
  class space    used 12535K, committed 13568K, reserved 1048576K
}
Event: 46.278 GC heap after
{Heap after GC invocations=60 (full 0):
 garbage-first heap   total reserved 4194304K, committed 280576K, used 135693K [0x0000000700000000, 0x0000000800000000)
  region size 2048K, 5 young (10240K), 5 survivors (10240K)
 Metaspace       used 112697K, committed 114880K, reserved 1179648K
  class space    used 12535K, committed 13568K, reserved 1048576K
}
Event: 47.540 GC heap before
{Heap before GC invocations=60 (full 0):
 garbage-first heap   total reserved 4194304K, committed 280576K, used 250381K [0x0000000700000000, 0x0000000800000000)
  region size 2048K, 62 young (126976K), 5 survivors (10240K)
 Metaspace       used 113320K, committed 115520K, reserved 1179648K
  class space    used 12594K, committed 13696K, reserved 1048576K
}
Event: 47.550 GC heap after
{Heap after GC invocations=61 (full 0):
 garbage-first heap   total reserved 4194304K, committed 280576K, used 141014K [0x0000000700000000, 0x0000000800000000)
  region size 2048K, 7 young (14336K), 7 survivors (14336K)
 Metaspace       used 113320K, committed 115520K, reserved 1179648K
  class space    used 12594K, committed 13696K, reserved 1048576K
}
Event: 49.070 GC heap before
{Heap before GC invocations=62 (full 0):
 garbage-first heap   total reserved 4194304K, committed 286720K, used 284374K [0x0000000700000000, 0x0000000800000000)
  region size 2048K, 48 young (98304K), 7 survivors (14336K)
 Metaspace       used 114466K, committed 116608K, reserved 1179648K
  class space    used 12725K, committed 13760K, reserved 1048576K
}
Event: 49.081 GC heap after
{Heap after GC invocations=63 (full 0):
 garbage-first heap   total reserved 4194304K, committed 323584K, used 223533K [0x0000000700000000, 0x0000000800000000)
  region size 2048K, 8 young (16384K), 8 survivors (16384K)
 Metaspace       used 114466K, committed 116608K, reserved 1179648K
  class space    used 12725K, committed 13760K, reserved 1048576K
}
Event: 50.020 GC heap before
{Heap before GC invocations=63 (full 0):
 garbage-first heap   total reserved 4194304K, committed 323584K, used 319789K [0x0000000700000000, 0x0000000800000000)
  region size 2048K, 37 young (75776K), 8 survivors (16384K)
 Metaspace       used 117601K, committed 119808K, reserved 1179648K
  class space    used 13066K, committed 14144K, reserved 1048576K
}
Event: 50.033 GC heap after
{Heap after GC invocations=64 (full 0):
 garbage-first heap   total reserved 4194304K, committed 358400K, used 258781K [0x0000000700000000, 0x0000000800000000)
  region size 2048K, 5 young (10240K), 5 survivors (10240K)
 Metaspace       used 117601K, committed 119808K, reserved 1179648K
  class space    used 13066K, committed 14144K, reserved 1048576K
}
Event: 50.034 GC heap before
{Heap before GC invocations=64 (full 0):
 garbage-first heap   total reserved 4194304K, committed 358400K, used 258781K [0x0000000700000000, 0x0000000800000000)
  region size 2048K, 6 young (12288K), 5 survivors (10240K)
 Metaspace       used 117601K, committed 119808K, reserved 1179648K
  class space    used 13066K, committed 14144K, reserved 1048576K
}
Event: 50.036 GC heap after
{Heap after GC invocations=65 (full 0):
 garbage-first heap   total reserved 4194304K, committed 358400K, used 259079K [0x0000000700000000, 0x0000000800000000)
  region size 2048K, 1 young (2048K), 1 survivors (2048K)
 Metaspace       used 117601K, committed 119808K, reserved 1179648K
  class space    used 13066K, committed 14144K, reserved 1048576K
}
Event: 50.102 GC heap before
{Heap before GC invocations=65 (full 0):
 garbage-first heap   total reserved 4194304K, committed 387072K, used 384007K [0x0000000700000000, 0x0000000800000000)
  region size 2048K, 12 young (24576K), 1 survivors (2048K)
 Metaspace       used 117607K, committed 119808K, reserved 1179648K
  class space    used 13066K, committed 14144K, reserved 1048576K
}
Event: 50.105 GC heap after
{Heap after GC invocations=66 (full 0):
 garbage-first heap   total reserved 4194304K, committed 397312K, used 311438K [0x0000000700000000, 0x0000000800000000)
  region size 2048K, 3 young (6144K), 3 survivors (6144K)
 Metaspace       used 117607K, committed 119808K, reserved 1179648K
  class space    used 13066K, committed 14144K, reserved 1048576K
}
Event: 50.450 GC heap before
{Heap before GC invocations=67 (full 0):
 garbage-first heap   total reserved 4194304K, committed 563200K, used 370830K [0x0000000700000000, 0x0000000800000000)
  region size 2048K, 21 young (43008K), 3 survivors (6144K)
 Metaspace       used 117851K, committed 120000K, reserved 1179648K
  class space    used 13103K, committed 14144K, reserved 1048576K
}
Event: 50.459 GC heap after
{Heap after GC invocations=68 (full 0):
 garbage-first heap   total reserved 4194304K, committed 563200K, used 337251K [0x0000000700000000, 0x0000000800000000)
  region size 2048K, 3 young (6144K), 3 survivors (6144K)
 Metaspace       used 117851K, committed 120000K, reserved 1179648K
  class space    used 13103K, committed 14144K, reserved 1048576K
}
Event: 51.061 GC heap before
{Heap before GC invocations=68 (full 0):
 garbage-first heap   total reserved 4194304K, committed 563200K, used 439651K [0x0000000700000000, 0x0000000800000000)
  region size 2048K, 52 young (106496K), 3 survivors (6144K)
 Metaspace       used 117851K, committed 120000K, reserved 1179648K
  class space    used 13103K, committed 14144K, reserved 1048576K
}

